Attempting solution for 3 queens
Solution attempted None


Attempting solution for 4 queens
Solution attempted {'1': '2', '3': '1', '2': '4', '4': '3'}
 _ _ _ _
|_|Q|_|_|
|_|_|_|Q|
|Q|_|_|_|
|_|_|Q|_|


Attempting solution for 5 queens
Solution attempted {'1': '4', '3': '5', '2': '2', '5': '1', '4': '3'}
 _ _ _ _ _
|_|_|_|Q|_|
|_|Q|_|_|_|
|_|_|_|_|Q|
|_|_|Q|_|_|
|Q|_|_|_|_|


Attempting solution for 6 queens
Solution attempted {'1': '4', '3': '5', '2': '1', '5': '6', '4': '2', '6': '3'}
 _ _ _ _ _ _
|_|_|_|Q|_|_|
|Q|_|_|_|_|_|
|_|_|_|_|Q|_|
|_|Q|_|_|_|_|
|_|_|_|_|_|Q|
|_|_|Q|_|_|_|


Attempting solution for 7 queens
Solution attempted {'1': '6', '3': '2', '2': '4', '5': '5', '4': '7', '7': '1', '6': '3'}
 _ _ _ _ _ _ _
|_|_|_|_|_|Q|_|
|_|_|_|Q|_|_|_|
|_|Q|_|_|_|_|_|
|_|_|_|_|_|_|Q|
|_|_|_|_|Q|_|_|
|_|_|Q|_|_|_|_|
|Q|_|_|_|_|_|_|


Attempting solution for 8 queens
Solution attempted {'1': '4', '3': '7', '2': '2', '5': '6', '4': '3', '7': '5', '6': '8', '8': '1'}
 _ _ _ _ _ _ _ _
|_|_|_|Q|_|_|_|_|
|_|Q|_|_|_|_|_|_|
|_|_|_|_|_|_|Q|_|
|_|_|Q|_|_|_|_|_|
|_|_|_|_|_|Q|_|_|
|_|_|_|_|_|_|_|Q|
|_|_|_|_|Q|_|_|_|
|Q|_|_|_|_|_|_|_|


Attempting solution for 9 queens
Solution attempted {'1': '6', '3': '9', '2': '4', '5': '8', '4': '5', '7': '7', '6': '2', '9': '1', '8': '3'}
 _ _ _ _ _ _ _ _ _
|_|_|_|_|_|Q|_|_|_|
|_|_|_|Q|_|_|_|_|_|
|_|_|_|_|_|_|_|_|Q|
|_|_|_|_|Q|_|_|_|_|
|_|_|_|_|_|_|_|Q|_|
|_|Q|_|_|_|_|_|_|_|
|_|_|_|_|_|_|Q|_|_|
|_|_|Q|_|_|_|_|_|_|
|Q|_|_|_|_|_|_|_|_|


