odor = a
|---e
odor = c
|---p
odor = f
|---p
odor = m
|---p
odor = l
|---e
odor = n
|---spore-print-color = b
|---|---e
|---spore-print-color = h
|---|---e
|---spore-print-color = k
|---|---e
|---spore-print-color = o
|---|---e
|---spore-print-color = n
|---|---e
|---spore-print-color = r
|---|---p
|---spore-print-color = u
|---|---e
|---spore-print-color = w
|---|---habitat = d
|---|---|---stalk-color-above-ring = c
|---|---|---|---p
|---|---|---stalk-color-above-ring = b
|---|---|---|---p
|---|---|---stalk-color-above-ring = e
|---|---|---|---p
|---|---|---stalk-color-above-ring = g
|---|---|---|---p
|---|---|---stalk-color-above-ring = o
|---|---|---|---p
|---|---|---stalk-color-above-ring = n
|---|---|---|---e
|---|---|---stalk-color-above-ring = p
|---|---|---|---p
|---|---|---stalk-color-above-ring = w
|---|---|---|---p
|---|---|---stalk-color-above-ring = y
|---|---|---|---p
|---|---habitat = g
|---|---|---e
|---|---habitat = m
|---|---|---e
|---|---habitat = l
|---|---|---cap-color = c
|---|---|---|---e
|---|---|---cap-color = b
|---|---|---|---e
|---|---|---cap-color = g
|---|---|---|---e
|---|---|---cap-color = n
|---|---|---|---e
|---|---|---cap-color = p
|---|---|---|---e
|---|---|---cap-color = r
|---|---|---|---e
|---|---|---cap-color = u
|---|---|---|---e
|---|---|---cap-color = w
|---|---|---|---p
|---|---|---cap-color = y
|---|---|---|---p
|---|---habitat = p
|---|---|---e
|---|---habitat = u
|---|---|---e
|---|---habitat = w
|---|---|---e
|---spore-print-color = y
|---|---e
odor = p
|---p
odor = s
|---p
odor = y
|---p
